1652177483636	geckodriver	INFO	Listening on 127.0.0.1:58093
1652177483642	mozrunner::runner	INFO	Running command: "/usr/bin/firefox" "--marionette" "--remote-debugging-port" "54759" "-no-remote" "-profile" "/tmp/rust_mozprofileG5B2VV"
ATTENTION: default value of option mesa_glthread overridden by environment.
ATTENTION: default value of option mesa_glthread overridden by environment.
ATTENTION: default value of option mesa_glthread overridden by environment.
ATTENTION: default value of option mesa_glthread overridden by environment.
1652177484609	Marionette	INFO	Marionette enabled
console.warn: SearchSettings: "get: No settings file exists, new profile?" (new NotFoundError("Could not open the file at /tmp/rust_mozprofileG5B2VV/search.json.mozlz4", (void 0)))
DevTools listening on ws://localhost:54759/devtools/browser/55a57f7d-7fa4-4545-bde8-54ac3491608c
1652177486034	Marionette	INFO	Listening on port 41989
Read port: 41989
1652177486084	RemoteAgent	WARN	TLS certificate errors will be ignored for this session
JavaScript error: https://media.ethicalads.io/media/client/v1.4.0/ethicalads.min.js, line 1: Error: No ad placements found.
JavaScript error: resource:///actors/FormValidationChild.jsm, line 184: TypeError: this._element is null
console.warn: LoginRecipes: "getRecipes: falling back to a synchronous message for:" "https://www.python.org"
1652177487065	Marionette	INFO	Stopped listening on port 41989

###!!! [Parent][PImageBridgeParent] Error: RunMessage(msgname=PImageBridge::Msg_WillClose) Channel closing: too late to send/recv, messages will be lost

1652177530807	geckodriver	INFO	Listening on 127.0.0.1:54467
1652177531314	mozrunner::runner	INFO	Running command: "/usr/bin/firefox" "--marionette" "--remote-debugging-port" "37559" "-no-remote" "-profile" "/tmp/rust_mozprofileKSLMEa"
ATTENTION: default value of option mesa_glthread overridden by environment.
ATTENTION: default value of option mesa_glthread overridden by environment.
ATTENTION: default value of option mesa_glthread overridden by environment.
ATTENTION: default value of option mesa_glthread overridden by environment.
1652177532303	Marionette	INFO	Marionette enabled
console.warn: SearchSettings: "get: No settings file exists, new profile?" (new NotFoundError("Could not open the file at /tmp/rust_mozprofileKSLMEa/search.json.mozlz4", (void 0)))
DevTools listening on ws://localhost:37559/devtools/browser/c2d57cc5-e0c6-4e04-a2e6-0942b3f239b4
1652177533728	Marionette	INFO	Listening on port 38071
Read port: 38071
1652177533845	RemoteAgent	WARN	TLS certificate errors will be ignored for this session
JavaScript error: https://media.ethicalads.io/media/client/v1.4.0/ethicalads.min.js, line 1: Error: No ad placements found.
JavaScript error: resource:///actors/FormValidationChild.jsm, line 184: TypeError: this._element is null
console.warn: LoginRecipes: "getRecipes: falling back to a synchronous message for:" "https://www.python.org"
1652177535557	Marionette	INFO	Stopped listening on port 38071

###!!! [Parent][PImageBridgeParent] Error: RunMessage(msgname=PImageBridge::Msg_WillClose) Channel closing: too late to send/recv, messages will be lost

1652177747978	geckodriver	INFO	Listening on 127.0.0.1:45269
1652177748491	mozrunner::runner	INFO	Running command: "/usr/bin/firefox" "--marionette" "--remote-debugging-port" "45877" "-no-remote" "-profile" "/tmp/rust_mozprofilentPmDv"
ATTENTION: default value of option mesa_glthread overridden by environment.
ATTENTION: default value of option mesa_glthread overridden by environment.
ATTENTION: default value of option mesa_glthread overridden by environment.
ATTENTION: default value of option mesa_glthread overridden by environment.
1652177749441	Marionette	INFO	Marionette enabled
console.warn: SearchSettings: "get: No settings file exists, new profile?" (new NotFoundError("Could not open the file at /tmp/rust_mozprofilentPmDv/search.json.mozlz4", (void 0)))
DevTools listening on ws://localhost:45877/devtools/browser/b80cb8fe-f881-4e4a-9bfe-2383a3c7df0e
1652177750752	Marionette	INFO	Listening on port 38737
Read port: 38737
1652177750817	RemoteAgent	WARN	TLS certificate errors will be ignored for this session
JavaScript error: https://media.ethicalads.io/media/client/v1.4.0/ethicalads.min.js, line 1: Error: No ad placements found.
JavaScript error: resource:///actors/FormValidationChild.jsm, line 184: TypeError: this._element is null
console.warn: LoginRecipes: "getRecipes: falling back to a synchronous message for:" "https://www.python.org"
1652177751802	Marionette	INFO	Stopped listening on port 38737
1652178144775	geckodriver	INFO	Listening on 127.0.0.1:38349
1652178145285	mozrunner::runner	INFO	Running command: "/usr/bin/firefox" "--marionette" "--remote-debugging-port" "48797" "-no-remote" "-profile" "/tmp/rust_mozprofilelo5Sq0"
ATTENTION: default value of option mesa_glthread overridden by environment.
ATTENTION: default value of option mesa_glthread overridden by environment.
ATTENTION: default value of option mesa_glthread overridden by environment.
ATTENTION: default value of option mesa_glthread overridden by environment.
1652178146239	Marionette	INFO	Marionette enabled
console.warn: SearchSettings: "get: No settings file exists, new profile?" (new NotFoundError("Could not open the file at /tmp/rust_mozprofilelo5Sq0/search.json.mozlz4", (void 0)))
DevTools listening on ws://localhost:48797/devtools/browser/b8a54ef1-640b-4a32-9306-f732444552cb
1652178147553	Marionette	INFO	Listening on port 40791
Read port: 40791
1652178147617	RemoteAgent	WARN	TLS certificate errors will be ignored for this session
JavaScript error: https://media.ethicalads.io/media/client/v1.4.0/ethicalads.min.js, line 1: Error: No ad placements found.
JavaScript error: resource:///actors/FormValidationChild.jsm, line 184: TypeError: this._element is null
console.warn: LoginRecipes: "getRecipes: falling back to a synchronous message for:" "https://www.python.org"
1652178148691	Marionette	INFO	Stopped listening on port 40791
1652178178003	geckodriver	INFO	Listening on 127.0.0.1:51905
1652178178515	mozrunner::runner	INFO	Running command: "/usr/bin/firefox" "--marionette" "--remote-debugging-port" "34113" "-no-remote" "-profile" "/tmp/rust_mozprofileNtJuxb"
ATTENTION: default value of option mesa_glthread overridden by environment.
ATTENTION: default value of option mesa_glthread overridden by environment.
ATTENTION: default value of option mesa_glthread overridden by environment.
ATTENTION: default value of option mesa_glthread overridden by environment.
1652178179459	Marionette	INFO	Marionette enabled
console.warn: SearchSettings: "get: No settings file exists, new profile?" (new NotFoundError("Could not open the file at /tmp/rust_mozprofileNtJuxb/search.json.mozlz4", (void 0)))
DevTools listening on ws://localhost:34113/devtools/browser/60991b0d-2772-49c9-b24f-2927e5b9ac76
1652178180805	Marionette	INFO	Listening on port 34045
Read port: 34045
1652178180841	RemoteAgent	WARN	TLS certificate errors will be ignored for this session
JavaScript error: https://media.ethicalads.io/media/client/v1.4.0/ethicalads.min.js, line 1: Error: No ad placements found.
JavaScript error: resource:///actors/FormValidationChild.jsm, line 184: TypeError: this._element is null
console.warn: LoginRecipes: "getRecipes: falling back to a synchronous message for:" "https://www.python.org"
JavaScript error: https://media.ethicalads.io/media/client/v1.4.0/ethicalads.min.js, line 1: Error: No ad placements found.
JavaScript error: resource:///actors/FormValidationChild.jsm, line 184: TypeError: this._element is null
JavaScript error: resource://gre/modules/AsyncShutdown.jsm, line 575: NotFoundError: No such JSWindowActor 'DevToolsFrame'
1652178209724	Marionette	INFO	Stopped listening on port 34045
JavaScript error: chrome://remote/content/marionette/cert.js, line 55: NS_ERROR_NOT_AVAILABLE: Component returned failure code: 0x80040111 (NS_ERROR_NOT_AVAILABLE) [nsICertOverrideService.setDisableAllSecurityChecksAndLetAttackersInterceptMyData]

###!!! [Parent][PImageBridgeParent] Error: RunMessage(msgname=PImageBridge::Msg_WillClose) Channel closing: too late to send/recv, messages will be lost

1652178264335	geckodriver	INFO	Listening on 127.0.0.1:54297
1652178264846	mozrunner::runner	INFO	Running command: "/usr/bin/firefox" "--marionette" "--remote-debugging-port" "50621" "-no-remote" "-profile" "/tmp/rust_mozprofile4TeAFG"
ATTENTION: default value of option mesa_glthread overridden by environment.
ATTENTION: default value of option mesa_glthread overridden by environment.
ATTENTION: default value of option mesa_glthread overridden by environment.
ATTENTION: default value of option mesa_glthread overridden by environment.
1652178265825	Marionette	INFO	Marionette enabled
console.warn: SearchSettings: "get: No settings file exists, new profile?" (new NotFoundError("Could not open the file at /tmp/rust_mozprofile4TeAFG/search.json.mozlz4", (void 0)))
DevTools listening on ws://localhost:50621/devtools/browser/d1b0f379-f083-455b-8fb9-c336e79e1979
1652178267142	Marionette	INFO	Listening on port 35581
Read port: 35581
1652178267167	RemoteAgent	WARN	TLS certificate errors will be ignored for this session
JavaScript error: https://media.ethicalads.io/media/client/v1.4.0/ethicalads.min.js, line 1: Error: No ad placements found.
JavaScript error: resource:///actors/FormValidationChild.jsm, line 184: TypeError: this._element is null
console.warn: LoginRecipes: "getRecipes: falling back to a synchronous message for:" "https://www.python.org"
JavaScript error: https://media.ethicalads.io/media/client/v1.4.0/ethicalads.min.js, line 1: Error: No ad placements found.
JavaScript error: resource:///actors/FormValidationChild.jsm, line 184: TypeError: this._element is null
1652178353544	geckodriver	INFO	Listening on 127.0.0.1:43677
1652178354057	mozrunner::runner	INFO	Running command: "/usr/bin/firefox" "--marionette" "--remote-debugging-port" "39137" "-no-remote" "-profile" "/tmp/rust_mozprofileO2kJF4"
ATTENTION: default value of option mesa_glthread overridden by environment.
ATTENTION: default value of option mesa_glthread overridden by environment.
ATTENTION: default value of option mesa_glthread overridden by environment.
ATTENTION: default value of option mesa_glthread overridden by environment.
1652178355058	Marionette	INFO	Marionette enabled
console.warn: SearchSettings: "get: No settings file exists, new profile?" (new NotFoundError("Could not open the file at /tmp/rust_mozprofileO2kJF4/search.json.mozlz4", (void 0)))
DevTools listening on ws://localhost:39137/devtools/browser/555e0917-329a-4d08-aeff-66181e5b7021
1652178356387	Marionette	INFO	Listening on port 32801
Read port: 32801
1652178356486	RemoteAgent	WARN	TLS certificate errors will be ignored for this session
JavaScript warning: https://js.datadome.co/tags.js, line 2: WEBGL_debug_renderer_info is deprecated in Firefox and will be removed. Please use RENDERER.
JavaScript warning: https://static.geetest.com/static/js/fullpage.9.0.9.js, line 1: WEBGL_debug_renderer_info is deprecated in Firefox and will be removed. Please use RENDERER.
1652178364159	Marionette	INFO	Stopped listening on port 32801
Marionette threw an error: TypeError: browsingContext.currentWindowGlobal is null
getMarionetteCommandsActorProxy/get/<@chrome://remote/content/marionette/actors/MarionetteCommandsParent.jsm:332:29

console.warn: TopSitesFeed: Failed to fetch data from Contile server: NetworkError when attempting to fetch resource.
JavaScript error: chrome://remote/content/marionette/cert.js, line 55: NS_ERROR_NOT_AVAILABLE: Component returned failure code: 0x80040111 (NS_ERROR_NOT_AVAILABLE) [nsICertOverrideService.setDisableAllSecurityChecksAndLetAttackersInterceptMyData]

###!!! [Parent][PImageBridgeParent] Error: RunMessage(msgname=PImageBridge::Msg_WillClose) Channel closing: too late to send/recv, messages will be lost

1652185916162	geckodriver	INFO	Listening on 127.0.0.1:53457
1652185916674	mozrunner::runner	INFO	Running command: "/usr/bin/firefox" "--marionette" "--remote-debugging-port" "55289" "-no-remote" "-profile" "/tmp/rust_mozprofileQAG8a8"
ATTENTION: default value of option mesa_glthread overridden by environment.
ATTENTION: default value of option mesa_glthread overridden by environment.
ATTENTION: default value of option mesa_glthread overridden by environment.
ATTENTION: default value of option mesa_glthread overridden by environment.
1652185917690	Marionette	INFO	Marionette enabled
console.warn: SearchSettings: "get: No settings file exists, new profile?" (new NotFoundError("Could not open the file at /tmp/rust_mozprofileQAG8a8/search.json.mozlz4", (void 0)))
DevTools listening on ws://localhost:55289/devtools/browser/fcb6b8f3-74ee-4e2f-8afd-42f62a46d6f0
1652185919025	Marionette	INFO	Listening on port 42023
Read port: 42023
1652185919104	RemoteAgent	WARN	TLS certificate errors will be ignored for this session
JavaScript warning: https://pagead2.googlesyndication.com/bg/NHksFvpwOA_e7xJte31GpOZsvVxHGuXQeGuPktjycGc.js line 1 > eval line 6819 > eval line 1 > eval line 1 > eval, line 1: WEBGL_debug_renderer_info is deprecated in Firefox and will be removed. Please use RENDERER.
1652185930053	Marionette	INFO	Stopped listening on port 42023
Marionette threw an error: TypeError: browsingContext.currentWindowGlobal is null
getMarionetteCommandsActorProxy/get/<@chrome://remote/content/marionette/actors/MarionetteCommandsParent.jsm:332:29

JavaScript error: , line 0: TypeError: NetworkError when attempting to fetch resource.

###!!! [Child][PContentChild] Error: Send(msgname=PHttpChannel::Msg___delete__) Channel closing: too late to send/recv, messages will be lost


###!!! [Child][PContentChild] Error: RunMessage(msgname=PHttpChannel::Msg_DeleteSelf) Channel closing: too late to send/recv, messages will be lost

console.warn: TopSitesFeed: Failed to fetch data from Contile server: NetworkError when attempting to fetch resource.
JavaScript error: chrome://remote/content/marionette/cert.js, line 55: NS_ERROR_NOT_AVAILABLE: Component returned failure code: 0x80040111 (NS_ERROR_NOT_AVAILABLE) [nsICertOverrideService.setDisableAllSecurityChecksAndLetAttackersInterceptMyData]

###!!! [Parent][PImageBridgeParent] Error: RunMessage(msgname=PImageBridge::Msg_WillClose) Channel closing: too late to send/recv, messages will be lost

1652185973762	geckodriver	INFO	Listening on 127.0.0.1:48229
1652185974274	mozrunner::runner	INFO	Running command: "/usr/bin/firefox" "--marionette" "--remote-debugging-port" "58191" "-no-remote" "-profile" "/tmp/rust_mozprofile714jqo"
ATTENTION: default value of option mesa_glthread overridden by environment.
ATTENTION: default value of option mesa_glthread overridden by environment.
ATTENTION: default value of option mesa_glthread overridden by environment.
ATTENTION: default value of option mesa_glthread overridden by environment.
1652185975299	Marionette	INFO	Marionette enabled
console.warn: SearchSettings: "get: No settings file exists, new profile?" (new NotFoundError("Could not open the file at /tmp/rust_mozprofile714jqo/search.json.mozlz4", (void 0)))
DevTools listening on ws://localhost:58191/devtools/browser/884ff81a-62e8-4f91-b76b-2aee1a76cc03
1652185976524	Marionette	INFO	Listening on port 37629
Read port: 37629
1652185976592	RemoteAgent	WARN	TLS certificate errors will be ignored for this session
JavaScript warning: https://pagead2.googlesyndication.com/bg/NHksFvpwOA_e7xJte31GpOZsvVxHGuXQeGuPktjycGc.js line 1 > eval line 1228 > eval line 1 > eval line 1 > eval, line 1: WEBGL_debug_renderer_info is deprecated in Firefox and will be removed. Please use RENDERER.
JavaScript error: https://www.immoweb.be/fr/annonce/maison/a-vendre/la-louviere-houdeng-aimeries/7110/9782202?searchId=627a598948297 line 455 > injectedScript, line 1: ReferenceError: fbq is not defined
JavaScript error: resource://devtools/server/actors/utils/sources-manager.js, line 432: TypeError: channel is null
SourceActor threw an exception: [Exception... "Component returned failure code: 0x80470002 (NS_BASE_STREAM_CLOSED) [nsIInputStream.available]"  nsresult: "0x80470002 (NS_BASE_STREAM_CLOSED)"  location: "JS frame :: resource://devtools/shared/DevToolsUtils.js :: onResponse :: line 567"  data: no]
Stack: onResponse@resource://devtools/shared/DevToolsUtils.js:567:34
onStopRequest@resource://gre/modules/NetUtil.jsm:128:18
Line: 567, column: 0
console.error: ({})
JavaScript error: resource://devtools/shared/DevToolsUtils.js, line 567: NS_BASE_STREAM_CLOSED: Component returned failure code: 0x80470002 (NS_BASE_STREAM_CLOSED) [nsIInputStream.available]
console.error: "Unable to find target with innerWindowId:4294967307"
JavaScript error: , line 0: TypeError: NetworkError when attempting to fetch resource.
1652186196282	geckodriver	INFO	Listening on 127.0.0.1:48963
1652186196794	mozrunner::runner	INFO	Running command: "/usr/bin/firefox" "--marionette" "--remote-debugging-port" "33689" "-no-remote" "-profile" "/tmp/rust_mozprofileCITFe4"
ATTENTION: default value of option mesa_glthread overridden by environment.
ATTENTION: default value of option mesa_glthread overridden by environment.
ATTENTION: default value of option mesa_glthread overridden by environment.
ATTENTION: default value of option mesa_glthread overridden by environment.
1652186197790	Marionette	INFO	Marionette enabled
console.warn: SearchSettings: "get: No settings file exists, new profile?" (new NotFoundError("Could not open the file at /tmp/rust_mozprofileCITFe4/search.json.mozlz4", (void 0)))
DevTools listening on ws://localhost:33689/devtools/browser/4fd116de-34be-4c33-b822-e71f984f8ce3
1652186199167	Marionette	INFO	Listening on port 34455
Read port: 34455
1652186199228	RemoteAgent	WARN	TLS certificate errors will be ignored for this session
JavaScript warning: https://pagead2.googlesyndication.com/bg/NHksFvpwOA_e7xJte31GpOZsvVxHGuXQeGuPktjycGc.js line 1 > eval line 3455 > eval line 1 > eval line 1 > eval, line 1: WEBGL_debug_renderer_info is deprecated in Firefox and will be removed. Please use RENDERER.
1652186554807	geckodriver	INFO	Listening on 127.0.0.1:48289
1652186555320	mozrunner::runner	INFO	Running command: "/usr/bin/firefox" "--marionette" "--remote-debugging-port" "42999" "-no-remote" "-profile" "/tmp/rust_mozprofileloXm3S"
ATTENTION: default value of option mesa_glthread overridden by environment.
ATTENTION: default value of option mesa_glthread overridden by environment.
ATTENTION: default value of option mesa_glthread overridden by environment.
ATTENTION: default value of option mesa_glthread overridden by environment.
1652186556319	Marionette	INFO	Marionette enabled
console.warn: SearchSettings: "get: No settings file exists, new profile?" (new NotFoundError("Could not open the file at /tmp/rust_mozprofileloXm3S/search.json.mozlz4", (void 0)))
DevTools listening on ws://localhost:42999/devtools/browser/f640e134-a55e-4899-bfe2-2a86dbf1f30c
1652186557774	Marionette	INFO	Listening on port 42453
Read port: 42453
1652186557840	RemoteAgent	WARN	TLS certificate errors will be ignored for this session
JavaScript warning: https://pagead2.googlesyndication.com/bg/NHksFvpwOA_e7xJte31GpOZsvVxHGuXQeGuPktjycGc.js line 1 > eval line 6260 > eval line 1 > eval line 1 > eval, line 1: WEBGL_debug_renderer_info is deprecated in Firefox and will be removed. Please use RENDERER.
1652186573978	Marionette	INFO	Stopped listening on port 42453
Marionette threw an error: TypeError: browsingContext.currentWindowGlobal is null
getMarionetteCommandsActorProxy/get/<@chrome://remote/content/marionette/actors/MarionetteCommandsParent.jsm:332:29

JavaScript error: , line 0: TypeError: NetworkError when attempting to fetch resource.
console.warn: TopSitesFeed: Failed to fetch data from Contile server: NetworkError when attempting to fetch resource.
JavaScript error: chrome://remote/content/marionette/cert.js, line 55: NS_ERROR_NOT_AVAILABLE: Component returned failure code: 0x80040111 (NS_ERROR_NOT_AVAILABLE) [nsICertOverrideService.setDisableAllSecurityChecksAndLetAttackersInterceptMyData]

###!!! [Parent][PImageBridgeParent] Error: RunMessage(msgname=PImageBridge::Msg_WillClose) Channel closing: too late to send/recv, messages will be lost

1652191732905	geckodriver	INFO	Listening on 127.0.0.1:54365
1652191733416	mozrunner::runner	INFO	Running command: "/usr/bin/firefox" "--marionette" "--remote-debugging-port" "41263" "-no-remote" "-profile" "/tmp/rust_mozprofileLVJuLd"
ATTENTION: default value of option mesa_glthread overridden by environment.
ATTENTION: default value of option mesa_glthread overridden by environment.
ATTENTION: default value of option mesa_glthread overridden by environment.
ATTENTION: default value of option mesa_glthread overridden by environment.
1652191734619	Marionette	INFO	Marionette enabled
console.warn: SearchSettings: "get: No settings file exists, new profile?" (new NotFoundError("Could not open the file at /tmp/rust_mozprofileLVJuLd/search.json.mozlz4", (void 0)))
DevTools listening on ws://localhost:41263/devtools/browser/d1955b51-bfe1-47ac-b51e-08e93aba47af
1652191736313	Marionette	INFO	Listening on port 34773
Read port: 34773
1652191736337	RemoteAgent	WARN	TLS certificate errors will be ignored for this session
JavaScript error: https://media.ethicalads.io/media/client/v1.4.0/ethicalads.min.js, line 1: Error: No ad placements found.
JavaScript error: resource:///actors/FormValidationChild.jsm, line 184: TypeError: this._element is null
console.warn: LoginRecipes: "getRecipes: falling back to a synchronous message for:" "https://www.python.org"
JavaScript error: https://media.ethicalads.io/media/client/v1.4.0/ethicalads.min.js, line 1: Error: No ad placements found.
JavaScript error: resource:///actors/FormValidationChild.jsm, line 184: TypeError: this._element is null
1652191740821	Marionette	INFO	Stopped listening on port 34773
console.warn: TopSitesFeed: Failed to fetch data from Contile server: NetworkError when attempting to fetch resource.
JavaScript error: chrome://remote/content/marionette/cert.js, line 55: NS_ERROR_NOT_AVAILABLE: Component returned failure code: 0x80040111 (NS_ERROR_NOT_AVAILABLE) [nsICertOverrideService.setDisableAllSecurityChecksAndLetAttackersInterceptMyData]

###!!! [Parent][PImageBridgeParent] Error: RunMessage(msgname=PImageBridge::Msg_WillClose) Channel closing: too late to send/recv, messages will be lost

